<?xml version="1.0" encoding="UTF-8"?>
<!-- Generated by org.testng.reporters.JUnitXMLReporter -->
<testsuite hostname="SANGEETHA-PC" ignored="33" name="Default test" tests="1" failures="1" timestamp="17 Aug 2020 18:01:39 GMT" time="72.828" errors="0">
  <testcase name="validateTC_AI_074" time="49.354" classname="Test.AudienceTest">
    <failure type="java.lang.AssertionError" message="Alumni template is downloaded expected [true] but found [false]">
      <![CDATA[java.lang.AssertionError: Alumni template is downloaded expected [true] but found [false]
at org.testng.Assert.fail(Assert.java:96)
at org.testng.Assert.failNotEquals(Assert.java:776)
at org.testng.Assert.assertTrue(Assert.java:44)
at Test.AudienceTest.validateTC_AI_074(AudienceTest.java:885)
at sun.reflect.NativeMethodAccessorImpl.invoke0(Native Method)
at sun.reflect.NativeMethodAccessorImpl.invoke(NativeMethodAccessorImpl.java:62)
at sun.reflect.DelegatingMethodAccessorImpl.invoke(DelegatingMethodAccessorImpl.java:43)
at java.lang.reflect.Method.invoke(Method.java:498)
at org.testng.internal.MethodInvocationHelper.invokeMethod(MethodInvocationHelper.java:124)
at org.testng.internal.Invoker.invokeMethod(Invoker.java:583)
at org.testng.internal.Invoker.invokeTestMethod(Invoker.java:719)
at org.testng.internal.Invoker.invokeTestMethods(Invoker.java:989)
at org.testng.internal.TestMethodWorker.invokeTestMethods(TestMethodWorker.java:125)
at org.testng.internal.TestMethodWorker.run(TestMethodWorker.java:109)
at org.testng.TestRunner.privateRun(TestRunner.java:648)
at org.testng.TestRunner.run(TestRunner.java:505)
at org.testng.SuiteRunner.runTest(SuiteRunner.java:455)
at org.testng.SuiteRunner.runSequentially(SuiteRunner.java:450)
at org.testng.SuiteRunner.privateRun(SuiteRunner.java:415)
at org.testng.SuiteRunner.run(SuiteRunner.java:364)
at org.testng.SuiteRunnerWorker.runSuite(SuiteRunnerWorker.java:52)
at org.testng.SuiteRunnerWorker.run(SuiteRunnerWorker.java:84)
at org.testng.TestNG.runSuitesSequentially(TestNG.java:1208)
at org.testng.TestNG.runSuitesLocally(TestNG.java:1137)
at org.testng.TestNG.runSuites(TestNG.java:1049)
at org.testng.TestNG.run(TestNG.java:1017)
at org.testng.remote.AbstractRemoteTestNG.run(AbstractRemoteTestNG.java:115)
at org.testng.remote.RemoteTestNG.initAndRun(RemoteTestNG.java:251)
at org.testng.remote.RemoteTestNG.main(RemoteTestNG.java:77)
]]>
    </failure>
  </testcase> <!-- validateTC_AI_074 -->
  <testcase name="vaidateTC_AG_008" time="0.0" classname="Test.AudienceTest">
    <ignored/>
  </testcase> <!-- vaidateTC_AG_008 -->
  <testcase name="validateTC_AP_029" time="0.0" classname="Test.AudienceTest">
    <ignored/>
  </testcase> <!-- validateTC_AP_029 -->
  <testcase name="vaidateTC_AI_051" time="0.0" classname="Test.AudienceTest">
    <ignored/>
  </testcase> <!-- vaidateTC_AI_051 -->
  <testcase name="vaidateTC_AG_013" time="0.0" classname="Test.AudienceTest">
    <ignored/>
  </testcase> <!-- vaidateTC_AG_013 -->
  <testcase name="vaidateTC_AI_091" time="0.0" classname="Test.AudienceTest">
    <ignored/>
  </testcase> <!-- vaidateTC_AI_091 -->
  <testcase name="vaidateTC_AP_006" time="0.0" classname="Test.AudienceTest">
    <ignored/>
  </testcase> <!-- vaidateTC_AP_006 -->
  <testcase name="vaidateTC_AP_007" time="0.0" classname="Test.AudienceTest">
    <ignored/>
  </testcase> <!-- vaidateTC_AP_007 -->
  <testcase name="vaidateTC_AP_027" time="0.0" classname="Test.AudienceTest">
    <ignored/>
  </testcase> <!-- vaidateTC_AP_027 -->
  <testcase name="validateTC_AI_087" time="0.0" classname="Test.AudienceTest">
    <ignored/>
  </testcase> <!-- validateTC_AI_087 -->
  <testcase name="validateTC_AI_064" time="0.0" classname="Test.AudienceTest">
    <ignored/>
  </testcase> <!-- validateTC_AI_064 -->
  <testcase name="validateTC_AI_086" time="0.0" classname="Test.AudienceTest">
    <ignored/>
  </testcase> <!-- validateTC_AI_086 -->
  <testcase name="vaidateTC_AG_011" time="0.0" classname="Test.AudienceTest">
    <ignored/>
  </testcase> <!-- vaidateTC_AG_011 -->
  <testcase name="vaidateTC_AG_033" time="0.0" classname="Test.AudienceTest">
    <ignored/>
  </testcase> <!-- vaidateTC_AG_033 -->
  <testcase name="vaidateTC_AG_015" time="0.0" classname="Test.AudienceTest">
    <ignored/>
  </testcase> <!-- vaidateTC_AG_015 -->
  <testcase name="vaidateTC_AG_014" time="0.0" classname="Test.AudienceTest">
    <ignored/>
  </testcase> <!-- vaidateTC_AG_014 -->
  <testcase name="vaidateTC_AG_016" time="0.0" classname="Test.AudienceTest">
    <ignored/>
  </testcase> <!-- vaidateTC_AG_016 -->
  <testcase name="vaidateTC_AI_089" time="0.0" classname="Test.AudienceTest">
    <ignored/>
  </testcase> <!-- vaidateTC_AI_089 -->
  <testcase name="vaidateTC_AP_032" time="0.0" classname="Test.AudienceTest">
    <ignored/>
  </testcase> <!-- vaidateTC_AP_032 -->
  <testcase name="vaidateTC_AP_010" time="0.0" classname="Test.AudienceTest">
    <ignored/>
  </testcase> <!-- vaidateTC_AP_010 -->
  <testcase name="vaidateTC_AI_020" time="0.0" classname="Test.AudienceTest">
    <ignored/>
  </testcase> <!-- vaidateTC_AI_020 -->
  <testcase name="vaidateTC_AP_013" time="0.0" classname="Test.AudienceTest">
    <ignored/>
  </testcase> <!-- vaidateTC_AP_013 -->
  <testcase name="vaidateTC_AP_036" time="0.0" classname="Test.AudienceTest">
    <ignored/>
  </testcase> <!-- vaidateTC_AP_036 -->
  <testcase name="vaidateTC_AP_014" time="0.0" classname="Test.AudienceTest">
    <ignored/>
  </testcase> <!-- vaidateTC_AP_014 -->
  <testcase name="vaidateTC_AP_011" time="0.0" classname="Test.AudienceTest">
    <ignored/>
  </testcase> <!-- vaidateTC_AP_011 -->
  <testcase name="vaidateTC_AP_033" time="0.0" classname="Test.AudienceTest">
    <ignored/>
  </testcase> <!-- vaidateTC_AP_033 -->
  <testcase name="vaidateTC_AP_012" time="0.0" classname="Test.AudienceTest">
    <ignored/>
  </testcase> <!-- vaidateTC_AP_012 -->
  <testcase name="vaidateTC_AP_034" time="0.0" classname="Test.AudienceTest">
    <ignored/>
  </testcase> <!-- vaidateTC_AP_034 -->
  <testcase name="vaidateTC_AP_018" time="0.0" classname="Test.AudienceTest">
    <ignored/>
  </testcase> <!-- vaidateTC_AP_018 -->
  <testcase name="validateTC_AI_073" time="0.0" classname="Test.AudienceTest">
    <ignored/>
  </testcase> <!-- validateTC_AI_073 -->
  <testcase name="validateTC_AG_021" time="0.0" classname="Test.AudienceTest">
    <ignored/>
  </testcase> <!-- validateTC_AG_021 -->
  <testcase name="vaidateTC_AG_022" time="0.0" classname="Test.AudienceTest">
    <ignored/>
  </testcase> <!-- vaidateTC_AG_022 -->
  <testcase name="vaidateTC_AG_023" time="0.0" classname="Test.AudienceTest">
    <ignored/>
  </testcase> <!-- vaidateTC_AG_023 -->
  <testcase name="vaidateTC_AG_025" time="0.0" classname="Test.AudienceTest">
    <ignored/>
  </testcase> <!-- vaidateTC_AG_025 -->
</testsuite> <!-- Default test -->
