<?xml version="1.0" encoding="UTF-8"?>
<!-- Generated by org.testng.reporters.JUnitXMLReporter -->
<testsuite hostname="SANGEETHA-PC" ignored="1" name="Default test" tests="1" failures="0" timestamp="03 Aug 2020 08:09:20 GMT" time="40.39" errors="0">
  <testcase name="validateTC_AP_074" time="20.684" classname="Test.AudienceTest"/>
  <testcase name="validateTC_AP_029" time="0.0" classname="Test.AudienceTest">
    <ignored/>
  </testcase> <!-- validateTC_AP_029 -->
</testsuite> <!-- Default test -->
