<?xml version="1.0" encoding="UTF-8"?>
<!-- Generated by org.testng.reporters.JUnitXMLReporter -->
<testsuite hostname="SANGEETHA-PC" ignored="33" name="Test(failed)(failed)" tests="1" failures="0" timestamp="19 Aug 2020 13:58:31 GMT" time="83.207" errors="0">
  <testcase name="vaidateTC_AI_089" time="61.927" classname="Test.AudienceTest"/>
  <testcase name="vaidateTC_AG_008" time="0.0" classname="Test.AudienceTest">
    <ignored/>
  </testcase> <!-- vaidateTC_AG_008 -->
  <testcase name="validateTC_AP_029" time="0.0" classname="Test.AudienceTest">
    <ignored/>
  </testcase> <!-- validateTC_AP_029 -->
  <testcase name="vaidateTC_AI_051" time="0.0" classname="Test.AudienceTest">
    <ignored/>
  </testcase> <!-- vaidateTC_AI_051 -->
  <testcase name="vaidateTC_AG_013" time="0.0" classname="Test.AudienceTest">
    <ignored/>
  </testcase> <!-- vaidateTC_AG_013 -->
  <testcase name="vaidateTC_AI_091" time="0.0" classname="Test.AudienceTest">
    <ignored/>
  </testcase> <!-- vaidateTC_AI_091 -->
  <testcase name="vaidateTC_AP_006" time="0.0" classname="Test.AudienceTest">
    <ignored/>
  </testcase> <!-- vaidateTC_AP_006 -->
  <testcase name="vaidateTC_AP_007" time="0.0" classname="Test.AudienceTest">
    <ignored/>
  </testcase> <!-- vaidateTC_AP_007 -->
  <testcase name="vaidateTC_AP_027" time="0.0" classname="Test.AudienceTest">
    <ignored/>
  </testcase> <!-- vaidateTC_AP_027 -->
  <testcase name="validateTC_AI_087" time="0.0" classname="Test.AudienceTest">
    <ignored/>
  </testcase> <!-- validateTC_AI_087 -->
  <testcase name="validateTC_AI_064" time="0.0" classname="Test.AudienceTest">
    <ignored/>
  </testcase> <!-- validateTC_AI_064 -->
  <testcase name="validateTC_AI_086" time="0.0" classname="Test.AudienceTest">
    <ignored/>
  </testcase> <!-- validateTC_AI_086 -->
  <testcase name="vaidateTC_AG_033" time="0.0" classname="Test.AudienceTest">
    <ignored/>
  </testcase> <!-- vaidateTC_AG_033 -->
  <testcase name="vaidateTC_AG_011" time="0.0" classname="Test.AudienceTest">
    <ignored/>
  </testcase> <!-- vaidateTC_AG_011 -->
  <testcase name="vaidateTC_AG_015" time="0.0" classname="Test.AudienceTest">
    <ignored/>
  </testcase> <!-- vaidateTC_AG_015 -->
  <testcase name="vaidateTC_AG_014" time="0.0" classname="Test.AudienceTest">
    <ignored/>
  </testcase> <!-- vaidateTC_AG_014 -->
  <testcase name="vaidateTC_AG_016" time="0.0" classname="Test.AudienceTest">
    <ignored/>
  </testcase> <!-- vaidateTC_AG_016 -->
  <testcase name="vaidateTC_AP_010" time="0.0" classname="Test.AudienceTest">
    <ignored/>
  </testcase> <!-- vaidateTC_AP_010 -->
  <testcase name="vaidateTC_AP_032" time="0.0" classname="Test.AudienceTest">
    <ignored/>
  </testcase> <!-- vaidateTC_AP_032 -->
  <testcase name="vaidateTC_AI_020" time="0.0" classname="Test.AudienceTest">
    <ignored/>
  </testcase> <!-- vaidateTC_AI_020 -->
  <testcase name="vaidateTC_AP_013" time="0.0" classname="Test.AudienceTest">
    <ignored/>
  </testcase> <!-- vaidateTC_AP_013 -->
  <testcase name="vaidateTC_AP_014" time="0.0" classname="Test.AudienceTest">
    <ignored/>
  </testcase> <!-- vaidateTC_AP_014 -->
  <testcase name="vaidateTC_AP_036" time="0.0" classname="Test.AudienceTest">
    <ignored/>
  </testcase> <!-- vaidateTC_AP_036 -->
  <testcase name="vaidateTC_AP_011" time="0.0" classname="Test.AudienceTest">
    <ignored/>
  </testcase> <!-- vaidateTC_AP_011 -->
  <testcase name="vaidateTC_AP_033" time="0.0" classname="Test.AudienceTest">
    <ignored/>
  </testcase> <!-- vaidateTC_AP_033 -->
  <testcase name="vaidateTC_AP_034" time="0.0" classname="Test.AudienceTest">
    <ignored/>
  </testcase> <!-- vaidateTC_AP_034 -->
  <testcase name="vaidateTC_AP_012" time="0.0" classname="Test.AudienceTest">
    <ignored/>
  </testcase> <!-- vaidateTC_AP_012 -->
  <testcase name="vaidateTC_AP_018" time="0.0" classname="Test.AudienceTest">
    <ignored/>
  </testcase> <!-- vaidateTC_AP_018 -->
  <testcase name="validateTC_AI_073" time="0.0" classname="Test.AudienceTest">
    <ignored/>
  </testcase> <!-- validateTC_AI_073 -->
  <testcase name="validateTC_AI_074" time="0.0" classname="Test.AudienceTest">
    <ignored/>
  </testcase> <!-- validateTC_AI_074 -->
  <testcase name="validateTC_AG_021" time="0.0" classname="Test.AudienceTest">
    <ignored/>
  </testcase> <!-- validateTC_AG_021 -->
  <testcase name="vaidateTC_AG_022" time="0.0" classname="Test.AudienceTest">
    <ignored/>
  </testcase> <!-- vaidateTC_AG_022 -->
  <testcase name="vaidateTC_AG_023" time="0.0" classname="Test.AudienceTest">
    <ignored/>
  </testcase> <!-- vaidateTC_AG_023 -->
  <testcase name="vaidateTC_AG_025" time="0.0" classname="Test.AudienceTest">
    <ignored/>
  </testcase> <!-- vaidateTC_AG_025 -->
</testsuite> <!-- Test(failed)(failed) -->
