<?xml version="1.0" encoding="UTF-8"?>
<testng-results skipped="0" failed="0" ignored="1" total="2" passed="1">
  <reporter-output>
  </reporter-output>
  <suite name="Suite" duration-ms="51418" started-at="2020-08-03T14:21:37Z" finished-at="2020-08-03T14:22:28Z">
    <groups>
    </groups>
    <test name="Test" duration-ms="51418" started-at="2020-08-03T14:21:37Z" finished-at="2020-08-03T14:22:28Z">
      <class name="Test.AudienceTest">
        <test-method status="PASS" signature="setExtent()[pri:0, instance:Test.AudienceTest@55a1c291]" name="setExtent" is-config="true" duration-ms="249" started-at="2020-08-03T14:21:37Z" finished-at="2020-08-03T14:21:37Z">
          <reporter-output>
          </reporter-output>
        </test-method> <!-- setExtent -->
        <test-method status="PASS" signature="setUp()[pri:0, instance:Test.AudienceTest@55a1c291]" name="setUp" is-config="true" duration-ms="19232" started-at="2020-08-03T14:21:37Z" finished-at="2020-08-03T14:21:56Z">
          <reporter-output>
          </reporter-output>
        </test-method> <!-- setUp -->
        <test-method status="PASS" signature="validateTC_AP_074()[pri:2, instance:Test.AudienceTest@55a1c291]" name="validateTC_AP_074" duration-ms="29707" started-at="2020-08-03T14:21:56Z" finished-at="2020-08-03T14:22:26Z">
          <reporter-output>
          </reporter-output>
        </test-method> <!-- validateTC_AP_074 -->
        <test-method status="PASS" signature="tearDown(org.testng.ITestResult)[pri:0, instance:Test.AudienceTest@55a1c291]" name="tearDown" is-config="true" duration-ms="1347" started-at="2020-08-03T14:22:26Z" finished-at="2020-08-03T14:22:27Z">
          <params>
            <param index="0">
              <value>
                <![CDATA[[TestResult name=validateTC_AP_074 status=SUCCESS method=AudienceTest.validateTC_AP_074()[pri:2, instance:Test.AudienceTest@55a1c291] output={null}]]]>
              </value>
            </param>
          </params>
          <reporter-output>
          </reporter-output>
        </test-method> <!-- tearDown -->
        <test-method status="PASS" signature="endReport()[pri:0, instance:Test.AudienceTest@55a1c291]" name="endReport" is-config="true" duration-ms="847" started-at="2020-08-03T14:22:27Z" finished-at="2020-08-03T14:22:28Z">
          <reporter-output>
          </reporter-output>
        </test-method> <!-- endReport -->
      </class> <!-- Test.AudienceTest -->
    </test> <!-- Test -->
  </suite> <!-- Suite -->
</testng-results>
